This file contains any messages produced by compilers while
running configure, to aid debugging if configure makes a mistake.

It was created by configure, which was
generated by GNU Autoconf 2.69.  Invocation command line was

  $ ./configure 

## --------- ##
## Platform. ##
## --------- ##

hostname = vankampen
uname -m = x86_64
uname -r = 4.15.0-46-generic
uname -s = Linux
uname -v = #49~16.04.1-Ubuntu SMP Tue Feb 12 17:45:24 UTC 2019

/usr/bin/uname -p = unknown
/bin/uname -X     = unknown

/bin/arch              = unknown
/usr/bin/arch -k       = unknown
/usr/convex/getsysinfo = unknown
/usr/bin/hostinfo      = unknown
/bin/machine           = unknown
/usr/bin/oslevel       = unknown
/bin/universe          = unknown

PATH: /home/dalonso/bin
PATH: /home/dalonso/.local/bin
PATH: /usr/local/sbin
PATH: /usr/local/bin
PATH: /usr/sbin
PATH: /usr/bin
PATH: /sbin
PATH: /bin
PATH: /usr/games
PATH: /usr/local/games
PATH: /snap/bin


## ----------- ##
## Core tests. ##
## ----------- ##

configure:1789: checking for gsl-config
configure:1807: found /usr/bin/gsl-config
configure:1819: result: /usr/bin/gsl-config
configure:1836: checking if GSL version >= 1.12
configure:1886: checking for gcc
configure:1902: found /usr/bin/gcc
configure:1913: result: gcc
configure:2142: checking for C compiler version
configure:2151: gcc --version >&5
gcc (Ubuntu 5.4.0-6ubuntu1~16.04.11) 5.4.0 20160609
Copyright (C) 2015 Free Software Foundation, Inc.
This is free software; see the source for copying conditions.  There is NO
warranty; not even for MERCHANTABILITY or FITNESS FOR A PARTICULAR PURPOSE.

configure:2162: $? = 0
configure:2151: gcc -v >&5
Using built-in specs.
COLLECT_GCC=gcc
COLLECT_LTO_WRAPPER=/usr/lib/gcc/x86_64-linux-gnu/5/lto-wrapper
Target: x86_64-linux-gnu
Configured with: ../src/configure -v --with-pkgversion='Ubuntu 5.4.0-6ubuntu1~16.04.11' --with-bugurl=file:///usr/share/doc/gcc-5/README.Bugs --enable-languages=c,ada,c++,java,go,d,fortran,objc,obj-c++ --prefix=/usr --program-suffix=-5 --enable-shared --enable-linker-build-id --libexecdir=/usr/lib --without-included-gettext --enable-threads=posix --libdir=/usr/lib --enable-nls --with-sysroot=/ --enable-clocale=gnu --enable-libstdcxx-debug --enable-libstdcxx-time=yes --with-default-libstdcxx-abi=new --enable-gnu-unique-object --disable-vtable-verify --enable-libmpx --enable-plugin --with-system-zlib --disable-browser-plugin --enable-java-awt=gtk --enable-gtk-cairo --with-java-home=/usr/lib/jvm/java-1.5.0-gcj-5-amd64/jre --enable-java-home --with-jvm-root-dir=/usr/lib/jvm/java-1.5.0-gcj-5-amd64 --with-jvm-jar-dir=/usr/lib/jvm-exports/java-1.5.0-gcj-5-amd64 --with-arch-directory=amd64 --with-ecj-jar=/usr/share/java/eclipse-ecj.jar --enable-objc-gc --enable-multiarch --disable-werror --with-arch-32=i686 --with-abi=m64 --with-multilib-list=m32,m64,mx32 --enable-multilib --with-tune=generic --enable-checking=release --build=x86_64-linux-gnu --host=x86_64-linux-gnu --target=x86_64-linux-gnu
Thread model: posix
gcc version 5.4.0 20160609 (Ubuntu 5.4.0-6ubuntu1~16.04.11) 
configure:2162: $? = 0
configure:2151: gcc -V >&5
gcc: error: unrecognized command line option '-V'
gcc: fatal error: no input files
compilation terminated.
configure:2162: $? = 1
configure:2151: gcc -qversion >&5
gcc: error: unrecognized command line option '-qversion'
gcc: fatal error: no input files
compilation terminated.
configure:2162: $? = 1
configure:2182: checking whether the C compiler works
configure:2204: gcc    conftest.c  >&5
configure:2208: $? = 0
configure:2256: result: yes
configure:2259: checking for C compiler default output file name
configure:2261: result: a.out
configure:2267: checking for suffix of executables
configure:2274: gcc -o conftest    conftest.c  >&5
configure:2278: $? = 0
configure:2300: result: 
configure:2322: checking whether we are cross compiling
configure:2330: gcc -o conftest    conftest.c  >&5
configure:2334: $? = 0
configure:2341: ./conftest
configure:2345: $? = 0
configure:2360: result: no
configure:2365: checking for suffix of object files
configure:2387: gcc -c   conftest.c >&5
configure:2391: $? = 0
configure:2412: result: o
configure:2416: checking whether we are using the GNU C compiler
configure:2435: gcc -c   conftest.c >&5
configure:2435: $? = 0
configure:2444: result: yes
configure:2453: checking whether gcc accepts -g
configure:2473: gcc -c -g  conftest.c >&5
configure:2473: $? = 0
configure:2514: result: yes
configure:2531: checking for gcc option to accept ISO C89
configure:2594: gcc  -c -g -O2  conftest.c >&5
configure:2594: $? = 0
configure:2607: result: none needed
configure:2650: gcc -o conftest -g -O2   conftest.c  >&5
conftest.c: In function 'main':
conftest.c:16:9: warning: implicit declaration of function 'sscanf' [-Wimplicit-function-declaration]
    if ((sscanf(gslv, "%d.%d", &major, &minor)) != 2) {
         ^
conftest.c:16:9: warning: incompatible implicit declaration of built-in function 'sscanf'
conftest.c:16:9: note: include '<stdio.h>' or provide a declaration of 'sscanf'
conftest.c:17:6: warning: implicit declaration of function 'exit' [-Wimplicit-function-declaration]
      exit (1);
      ^
conftest.c:17:6: warning: incompatible implicit declaration of built-in function 'exit'
conftest.c:17:6: note: include '<stdlib.h>' or provide a declaration of 'exit'
conftest.c:19:4: warning: incompatible implicit declaration of built-in function 'exit'
    exit (major == 1 && minor < 12);
    ^
conftest.c:19:4: note: include '<stdlib.h>' or provide a declaration of 'exit'
configure:2650: $? = 0
configure:2650: ./conftest
configure:2650: $? = 0
configure:2662: result: yes
configure:2821: creating ./config.status

## ---------------------- ##
## Running config.status. ##
## ---------------------- ##

This file was extended by config.status, which was
generated by GNU Autoconf 2.69.  Invocation command line was

  CONFIG_FILES    = 
  CONFIG_HEADERS  = 
  CONFIG_LINKS    = 
  CONFIG_COMMANDS = 
  $ ./config.status 

on vankampen

config.status:722: creating src/Makevars

## ---------------- ##
## Cache variables. ##
## ---------------- ##

ac_cv_c_compiler_gnu=yes
ac_cv_env_CC_set=
ac_cv_env_CC_value=
ac_cv_env_CFLAGS_set=
ac_cv_env_CFLAGS_value=
ac_cv_env_CPPFLAGS_set=
ac_cv_env_CPPFLAGS_value=
ac_cv_env_LDFLAGS_set=
ac_cv_env_LDFLAGS_value=
ac_cv_env_LIBS_set=
ac_cv_env_LIBS_value=
ac_cv_env_build_alias_set=
ac_cv_env_build_alias_value=
ac_cv_env_host_alias_set=
ac_cv_env_host_alias_value=
ac_cv_env_target_alias_set=
ac_cv_env_target_alias_value=
ac_cv_objext=o
ac_cv_path_GSL_CONFIG=/usr/bin/gsl-config
ac_cv_prog_ac_ct_CC=gcc
ac_cv_prog_cc_c89=
ac_cv_prog_cc_g=yes

## ----------------- ##
## Output variables. ##
## ----------------- ##

CC='gcc'
CFLAGS='-g -O2'
CPPFLAGS=''
DEFS='-DPACKAGE_NAME=\"\" -DPACKAGE_TARNAME=\"\" -DPACKAGE_VERSION=\"\" -DPACKAGE_STRING=\"\" -DPACKAGE_BUGREPORT=\"\" -DPACKAGE_URL=\"\"'
ECHO_C=''
ECHO_N='-n'
ECHO_T=''
EXEEXT=''
GSL_CFLAGS='-I/usr/include'
GSL_CONFIG='/usr/bin/gsl-config'
GSL_LIBS='-L/usr/lib/x86_64-linux-gnu -lgsl -lgslcblas -lm'
LDFLAGS=''
LIBOBJS=''
LIBS=''
LTLIBOBJS=''
OBJEXT='o'
PACKAGE_BUGREPORT=''
PACKAGE_NAME=''
PACKAGE_STRING=''
PACKAGE_TARNAME=''
PACKAGE_URL=''
PACKAGE_VERSION=''
PATH_SEPARATOR=':'
SHELL='/bin/bash'
ac_ct_CC='gcc'
bindir='${exec_prefix}/bin'
build_alias=''
datadir='${datarootdir}'
datarootdir='${prefix}/share'
docdir='${datarootdir}/doc/${PACKAGE}'
dvidir='${docdir}'
exec_prefix='${prefix}'
host_alias=''
htmldir='${docdir}'
includedir='${prefix}/include'
infodir='${datarootdir}/info'
libdir='${exec_prefix}/lib'
libexecdir='${exec_prefix}/libexec'
localedir='${datarootdir}/locale'
localstatedir='${prefix}/var'
mandir='${datarootdir}/man'
oldincludedir='/usr/include'
pdfdir='${docdir}'
prefix='/usr/local'
program_transform_name='s,x,x,'
psdir='${docdir}'
runstatedir='${localstatedir}/run'
sbindir='${exec_prefix}/sbin'
sharedstatedir='${prefix}/com'
sysconfdir='${prefix}/etc'
target_alias=''

## ----------- ##
## confdefs.h. ##
## ----------- ##

/* confdefs.h */
#define PACKAGE_NAME ""
#define PACKAGE_TARNAME ""
#define PACKAGE_VERSION ""
#define PACKAGE_STRING ""
#define PACKAGE_BUGREPORT ""
#define PACKAGE_URL ""

configure: exit 0
